<?xml version="1.0" encoding="UTF-8"?>
<testsuite name="org.gradle.sample.app.MessageUtilsTest" tests="1" skipped="0" failures="0" errors="0" timestamp="2021-12-27T17:58:43" hostname="xps-debian" time="0.02">
  <properties/>
  <testcase name="testGetMessage()" classname="org.gradle.sample.app.MessageUtilsTest" time="0.02"/>
  <system-out><![CDATA[]]></system-out>
  <system-err><![CDATA[]]></system-err>
</testsuite>
