<?xml version="1.0" encoding="UTF-8"?>
<testsuite name="org.gradle.sample.list.LinkedListTest" tests="4" skipped="0" failures="0" errors="0" timestamp="2021-12-27T17:58:43" hostname="xps-debian" time="0.026">
  <properties/>
  <testcase name="testAdd()" classname="org.gradle.sample.list.LinkedListTest" time="0.021"/>
  <testcase name="testRemoveMissing()" classname="org.gradle.sample.list.LinkedListTest" time="0.001"/>
  <testcase name="testRemove()" classname="org.gradle.sample.list.LinkedListTest" time="0.001"/>
  <testcase name="testConstructor()" classname="org.gradle.sample.list.LinkedListTest" time="0.001"/>
  <system-out><![CDATA[]]></system-out>
  <system-err><![CDATA[]]></system-err>
</testsuite>
